<?xml version="1.0" encoding="UTF-8"?>
<testsuite xmlns:xsi="http://www.w3.org/2001/XMLSchema-instance" xsi:noNamespaceSchemaLocation="https://maven.apache.org/surefire/maven-surefire-plugin/xsd/surefire-test-report-3.0.xsd" version="3.0" name="hellocucumber.RunCucumberTest" time="0.133" tests="8" errors="0" skipped="6" failures="0">
  <properties>
[...]
</properties>
  <testcase name="Example #1" classname="Examples" time="0">
    <skipped message="&apos;cucumber.filter.tags=@Friday2&apos; did not match this scenario"/>
  </testcase>
  <testcase name="Example #1" classname="Examples" time="0.063">
    <system-out><![CDATA[
@Friday @Friday2
Scenario Outline: Today is or is not Friday &amp#27;[90m# hellocucumber/its_friday.feature:17&amp#27;[0m
  &amp#27;[32mGiven &amp#27;[0m&amp#27;[32mtoday is &amp#27;[0m&amp#27;[32m&amp#27;[1m"Saturday"&amp#27;[0m                 &amp#27;[90m# hellocucumber.StepDefinitions.today_is(java.lang.String)&amp#27;[0m
  &amp#27;[32mWhen &amp#27;[0m&amp#27;[32mI ask if it's &amp#27;[0m&amp#27;[32m&amp#27;[1m"Friday"&amp#27;[0m               &amp#27;[90m# hellocucumber.StepDefinitions.i_ask_if_it_s(java.lang.String)&amp#27;[0m
  &amp#27;[32mThen &amp#27;[0m&amp#27;[32mI should get told its &amp#27;[0m&amp#27;[32m&amp#27;[1m"No"&amp#27;[0m           &amp#27;[90m# hellocucumber.StepDefinitions.i_should_get_told_i_ts(java.lang.String)&amp#27;[0m
]]></system-out>
  </testcase>
  <testcase name="Example #1" classname="Examples" time="0">
    <skipped message="&apos;cucumber.filter.tags=@Friday2&apos; did not match this scenario"/>
  </testcase>
  <testcase name="Example #1" classname="Examples" time="0">
    <skipped message="&apos;cucumber.filter.tags=@Friday2&apos; did not match this scenario"/>
  </testcase>
  <testcase name="Example #2" classname="Examples" time="0">
    <skipped message="&apos;cucumber.filter.tags=@Friday2&apos; did not match this scenario"/>
  </testcase>
  <testcase name="Example #2" classname="Examples" time="0.005">
    <system-out><![CDATA[
@Friday @Friday2
Scenario Outline: Today is or is not Friday &amp#27;[90m# hellocucumber/its_friday.feature:18&amp#27;[0m
  &amp#27;[32mGiven &amp#27;[0m&amp#27;[32mtoday is &amp#27;[0m&amp#27;[32m&amp#27;[1m"Anything else"&amp#27;[0m            &amp#27;[90m# hellocucumber.StepDefinitions.today_is(java.lang.String)&amp#27;[0m
  &amp#27;[32mWhen &amp#27;[0m&amp#27;[32mI ask if it's &amp#27;[0m&amp#27;[32m&amp#27;[1m"Friday"&amp#27;[0m               &amp#27;[90m# hellocucumber.StepDefinitions.i_ask_if_it_s(java.lang.String)&amp#27;[0m
  &amp#27;[32mThen &amp#27;[0m&amp#27;[32mI should get told its &amp#27;[0m&amp#27;[32m&amp#27;[1m"No"&amp#27;[0m           &amp#27;[90m# hellocucumber.StepDefinitions.i_should_get_told_i_ts(java.lang.String)&amp#27;[0m
]]></system-out>
  </testcase>
  <testcase name="Example #2" classname="Examples" time="0">
    <skipped message="&apos;cucumber.filter.tags=@Friday2&apos; did not match this scenario"/>
  </testcase>
  <testcase name="Example #2" classname="Examples" time="0">
    <skipped message="&apos;cucumber.filter.tags=@Friday2&apos; did not match this scenario"/>
  </testcase>
</testsuite>